{
    "FunctionName": "hello-cli",
    "FunctionArn": "arn:aws:lambda:us-east-1:503662028996:function:hello-cli:1",
    "Runtime": "nodejs12.x",
    "Role": "arn:aws:iam::503662028996:role/lambda-example",
    "HeroesInsert": "index.handler",
    "CodeSize": 321,
    "Description": "",
    "Timeout": 3,
    "MemorySize": 128,
    "LastModified": "2021-03-16T15:39:46.040+0000",
    "CodeSha256": "IXiam0ylwH4pRA1GZbPahLUMw12o11sK7P4PwMBYchk=",
    "Version": "1",
    "TracingConfig": {
        "Mode": "PassThrough"
    },
    "RevisionId": "112caece-d503-4869-ac8d-568fc142c019",
    "State": "Active",
    "LastUpdateStatus": "Successful",
    "PackageType": "Zip"
}
