{
    "Role": {
        "Path": "/",
        "RoleName": "lambda-example",
        "RoleId": "AROAXKREYVDCME3TVZ32K",
        "Arn": "arn:aws:iam::503662028996:role/lambda-example",
        "CreateDate": "2021-03-16T15:01:58+00:00",
        "AssumeRolePolicyDocument": {
            "Version": "2012-10-17",
            "Statement": [
                {
                    "Effect": "Allow",
                    "Principal": {
                        "Service": "lambda.amazonaws.com"
                    },
                    "Action": "sts:AssumeRole"
                }
            ]
        }
    }
}
